<?xml version="1.0" encoding="UTF-8"?>
<testng-results ignored="0" total="1" passed="1" failed="0" skipped="0">
  <reporter-output>
  </reporter-output>
  <suite started-at="2026-02-18T12:12:28 IST" name="Default suite" finished-at="2026-02-18T12:12:28 IST" duration-ms="57">
    <groups>
    </groups>
    <test started-at="2026-02-18T12:12:28 IST" name="Default test" finished-at="2026-02-18T12:12:28 IST" duration-ms="57">
      <class name="jenkin.OrgTest">
        <test-method signature="createOrgTest()[pri:0, instance:jenkin.OrgTest@4135c3b]" started-at="2026-02-18T12:12:28 IST" name="createOrgTest" finished-at="2026-02-18T12:12:28 IST" duration-ms="9" status="PASS">
          <reporter-output>
          </reporter-output>
        </test-method> <!-- createOrgTest -->
      </class> <!-- jenkin.OrgTest -->
    </test> <!-- Default test -->
  </suite> <!-- Default suite -->
</testng-results>
